0 info it worked if it ends with ok
1 verbose cli [ '/home/ec2-user/.nvm/versions/node/v6.15.1/bin/node',
1 verbose cli   '/home/ec2-user/.nvm/versions/node/v6.15.1/bin/npm',
1 verbose cli   'version',
1 verbose cli   'patch' ]
2 info using npm@3.10.10
3 info using node@v6.15.1
4 info git [ 'status', '--porcelain' ]
5 verbose stack Error: Git working directory not clean.
5 verbose stack M index.ts
5 verbose stack D npm-debug.log
5 verbose stack M package.json
5 verbose stack M src/Context.ts
5 verbose stack M src/Serialization.ts
5 verbose stack     at /home/ec2-user/.nvm/versions/node/v6.15.1/lib/node_modules/npm/lib/version.js:247:19
5 verbose stack     at /home/ec2-user/.nvm/versions/node/v6.15.1/lib/node_modules/npm/lib/utils/no-progress-while-running.js:21:8
5 verbose stack     at ChildProcess.exithandler (child_process.js:190:7)
5 verbose stack     at emitTwo (events.js:106:13)
5 verbose stack     at ChildProcess.emit (events.js:191:7)
5 verbose stack     at maybeClose (internal/child_process.js:920:16)
5 verbose stack     at Socket.<anonymous> (internal/child_process.js:351:11)
5 verbose stack     at emitOne (events.js:96:13)
5 verbose stack     at Socket.emit (events.js:188:7)
5 verbose stack     at Pipe._handle.close [as _onclose] (net.js:509:12)
6 verbose cwd /home/ec2-user/environment/serialization
7 error Linux 4.14.88-72.76.amzn1.x86_64
8 error argv "/home/ec2-user/.nvm/versions/node/v6.15.1/bin/node" "/home/ec2-user/.nvm/versions/node/v6.15.1/bin/npm" "version" "patch"
9 error node v6.15.1
10 error npm  v3.10.10
11 error Git working directory not clean.
11 error M index.ts
11 error D npm-debug.log
11 error M package.json
11 error M src/Context.ts
11 error M src/Serialization.ts
12 error If you need help, you may report this error at:
12 error     <https://github.com/npm/npm/issues>
13 verbose exit [ 1, true ]
